<?xml version="1.0" encoding="UTF-8"?>
<!-- Generated by org.testng.reporters.JUnitReportReporter -->
<testsuite hostname="DESKTOP-IM50QS0" failures="0" tests="6" name="orbitz.CRMlogin2" time="44.199" errors="1" timestamp="2020-06-23T14:07:15 EDT" skipped="0">
  <testcase classname="orbitz.CRMlogin2" name="f" time="8.097"/>
  <system-out/>
  <testcase classname="orbitz.CRMlogin2" name="f" time="10.407"/>
  <system-out/>
  <testcase classname="orbitz.CRMlogin2" name="f" time="5.402"/>
  <system-out/>
  <testcase classname="orbitz.CRMlogin2" name="f" time="10.043"/>
  <system-out/>
  <testcase classname="orbitz.CRMlogin2" name="f" time="4.956">
    <error message="unknown error: Chrome failed to start: exited normally.
  (chrome not reachable)
  (The process started from chrome location C:\Program Files (x86)\Google\Chrome\Application\chrome.exe is no longer running, so ChromeDriver is assuming that Chrome has crashed.)
Build info: version: &#039;3.9.1&#039;, revision: &#039;63f7b50&#039;, time: &#039;2018-02-07T22:42:28.403Z&#039;
System info: host: &#039;DESKTOP-IM50QS0&#039;, ip: &#039;192.168.0.13&#039;, os.name: &#039;Windows 10&#039;, os.arch: &#039;amd64&#039;, os.version: &#039;10.0&#039;, java.version: &#039;14.0.1&#039;
Driver info: driver.version: ChromeDriver
remote stacktrace: Backtrace:
	Ordinal0 [0x00FE9563+2725219]
	Ordinal0 [0x00EE8551+1672529]
	Ordinal0 [0x00DD0359+525145]
	Ordinal0 [0x00D5D90B+55563]
	Ordinal0 [0x00D7CC37+183351]
	Ordinal0 [0x00D7CA3D+182845]
	Ordinal0 [0x00D7A94B+174411]
	Ordinal0 [0x00D62528+75048]
	Ordinal0 [0x00D635A0+79264]
	Ordinal0 [0x00D63539+79161]
	Ordinal0 [0x00EFD607+1758727]
	GetHandleVerifier [0x01106546+1050150]
	GetHandleVerifier [0x01106291+1049457]
	GetHandleVerifier [0x011110D7+1094071]
	GetHandleVerifier [0x01106B46+1051686]
	Ordinal0 [0x00EF5B06+1727238]
	Ordinal0 [0x00EFEB7B+1764219]
	Ordinal0 [0x00EFECE3+1764579]
	Ordinal0 [0x00F14C05+1854469]
	BaseThreadInitThunk [0x75CE6359+25]
	RtlGetAppContainerNamedObjectPath [0x776C7C24+228]
	RtlGetAppContainerNamedObjectPath [0x776C7BF4+180]
" type="org.openqa.selenium.WebDriverException">
      <![CDATA[org.openqa.selenium.WebDriverException: unknown error: Chrome failed to start: exited normally.
  (chrome not reachable)
  (The process started from chrome location C:\Program Files (x86)\Google\Chrome\Application\chrome.exe is no longer running, so ChromeDriver is assuming that Chrome has crashed.)
Build info: version: '3.9.1', revision: '63f7b50', time: '2018-02-07T22:42:28.403Z'
System info: host: 'DESKTOP-IM50QS0', ip: '192.168.0.13', os.name: 'Windows 10', os.arch: 'amd64', os.version: '10.0', java.version: '14.0.1'
Driver info: driver.version: ChromeDriver
remote stacktrace: Backtrace:
Ordinal0 [0x00FE9563+2725219]
Ordinal0 [0x00EE8551+1672529]
Ordinal0 [0x00DD0359+525145]
Ordinal0 [0x00D5D90B+55563]
Ordinal0 [0x00D7CC37+183351]
Ordinal0 [0x00D7CA3D+182845]
Ordinal0 [0x00D7A94B+174411]
Ordinal0 [0x00D62528+75048]
Ordinal0 [0x00D635A0+79264]
Ordinal0 [0x00D63539+79161]
Ordinal0 [0x00EFD607+1758727]
GetHandleVerifier [0x01106546+1050150]
GetHandleVerifier [0x01106291+1049457]
GetHandleVerifier [0x011110D7+1094071]
GetHandleVerifier [0x01106B46+1051686]
Ordinal0 [0x00EF5B06+1727238]
Ordinal0 [0x00EFEB7B+1764219]
Ordinal0 [0x00EFECE3+1764579]
Ordinal0 [0x00F14C05+1854469]
BaseThreadInitThunk [0x75CE6359+25]
RtlGetAppContainerNamedObjectPath [0x776C7C24+228]
RtlGetAppContainerNamedObjectPath [0x776C7BF4+180]

at java.base/jdk.internal.reflect.NativeConstructorAccessorImpl.newInstance0(Native Method)
at java.base/jdk.internal.reflect.NativeConstructorAccessorImpl.newInstance(NativeConstructorAccessorImpl.java:62)
at java.base/jdk.internal.reflect.DelegatingConstructorAccessorImpl.newInstance(DelegatingConstructorAccessorImpl.java:45)
at java.base/java.lang.reflect.Constructor.newInstanceWithCaller(Constructor.java:500)
at java.base/java.lang.reflect.Constructor.newInstance(Constructor.java:481)
at org.openqa.selenium.remote.W3CHandshakeResponse.lambda$new$0(W3CHandshakeResponse.java:57)
at org.openqa.selenium.remote.W3CHandshakeResponse.lambda$getResponseFunction$2(W3CHandshakeResponse.java:104)
at org.openqa.selenium.remote.ProtocolHandshake.lambda$createSession$0(ProtocolHandshake.java:123)
at java.base/java.util.stream.ReferencePipeline$3$1.accept(ReferencePipeline.java:195)
at java.base/java.util.Spliterators$ArraySpliterator.tryAdvance(Spliterators.java:958)
at java.base/java.util.stream.ReferencePipeline.forEachWithCancel(ReferencePipeline.java:127)
at java.base/java.util.stream.AbstractPipeline.copyIntoWithCancel(AbstractPipeline.java:502)
at java.base/java.util.stream.AbstractPipeline.copyInto(AbstractPipeline.java:488)
at java.base/java.util.stream.AbstractPipeline.wrapAndCopyInto(AbstractPipeline.java:474)
at java.base/java.util.stream.FindOps$FindOp.evaluateSequential(FindOps.java:150)
at java.base/java.util.stream.AbstractPipeline.evaluate(AbstractPipeline.java:234)
at java.base/java.util.stream.ReferencePipeline.findFirst(ReferencePipeline.java:543)
at org.openqa.selenium.remote.ProtocolHandshake.createSession(ProtocolHandshake.java:126)
at org.openqa.selenium.remote.ProtocolHandshake.createSession(ProtocolHandshake.java:73)
at org.openqa.selenium.remote.HttpCommandExecutor.execute(HttpCommandExecutor.java:138)
at org.openqa.selenium.remote.service.DriverCommandExecutor.execute(DriverCommandExecutor.java:83)
at org.openqa.selenium.remote.RemoteWebDriver.execute(RemoteWebDriver.java:601)
at org.openqa.selenium.remote.RemoteWebDriver.startSession(RemoteWebDriver.java:219)
at org.openqa.selenium.remote.RemoteWebDriver.<init>(RemoteWebDriver.java:142)
at org.openqa.selenium.chrome.ChromeDriver.<init>(ChromeDriver.java:181)
at org.openqa.selenium.chrome.ChromeDriver.<init>(ChromeDriver.java:168)
at org.openqa.selenium.chrome.ChromeDriver.<init>(ChromeDriver.java:123)
at orbitz.CRMlogin2.f(CRMlogin2.java:44)
at java.base/jdk.internal.reflect.NativeMethodAccessorImpl.invoke0(Native Method)
at java.base/jdk.internal.reflect.NativeMethodAccessorImpl.invoke(NativeMethodAccessorImpl.java:62)
at java.base/jdk.internal.reflect.DelegatingMethodAccessorImpl.invoke(DelegatingMethodAccessorImpl.java:43)
at java.base/java.lang.reflect.Method.invoke(Method.java:564)
at org.testng.internal.MethodInvocationHelper.invokeMethod(MethodInvocationHelper.java:135)
at org.testng.internal.TestInvoker.invokeMethod(TestInvoker.java:598)
at org.testng.internal.TestInvoker.invokeTestMethod(TestInvoker.java:174)
at org.testng.internal.MethodRunner.runInSequence(MethodRunner.java:46)
at org.testng.internal.TestInvoker$MethodInvocationAgent.invoke(TestInvoker.java:821)
at org.testng.internal.TestInvoker.invokeTestMethods(TestInvoker.java:147)
at org.testng.internal.TestMethodWorker.invokeTestMethods(TestMethodWorker.java:146)
at org.testng.internal.TestMethodWorker.run(TestMethodWorker.java:128)
at java.base/java.util.ArrayList.forEach(ArrayList.java:1510)
at org.testng.TestRunner.privateRun(TestRunner.java:767)
at org.testng.TestRunner.run(TestRunner.java:588)
at org.testng.SuiteRunner.runTest(SuiteRunner.java:384)
at org.testng.SuiteRunner.runSequentially(SuiteRunner.java:378)
at org.testng.SuiteRunner.privateRun(SuiteRunner.java:337)
at org.testng.SuiteRunner.run(SuiteRunner.java:286)
at org.testng.SuiteRunnerWorker.runSuite(SuiteRunnerWorker.java:53)
at org.testng.SuiteRunnerWorker.run(SuiteRunnerWorker.java:96)
at org.testng.TestNG.runSuitesSequentially(TestNG.java:1214)
at org.testng.TestNG.runSuitesLocally(TestNG.java:1136)
at org.testng.TestNG.runSuites(TestNG.java:1066)
at org.testng.TestNG.run(TestNG.java:1034)
at org.testng.remote.AbstractRemoteTestNG.run(AbstractRemoteTestNG.java:115)
at org.testng.remote.RemoteTestNG.initAndRun(RemoteTestNG.java:251)
at org.testng.remote.RemoteTestNG.main(RemoteTestNG.java:77)
]]>
    </error>
  </testcase> <!-- f -->
  <system-out/>
  <testcase classname="orbitz.CRMlogin2" name="f" time="5.294"/>
  <system-out/>
</testsuite> <!-- orbitz.CRMlogin2 -->
