<?xml version="1.0" encoding="UTF-8"?>
<!-- Generated by org.testng.reporters.JUnitXMLReporter -->
<testsuite ignored="0" hostname="DESKTOP-IM50QS0" failures="1" tests="1" name="Training" time="0.023" errors="0" timestamp="2020-06-14T09:23:16 EDT">
  <testcase classname="orbitz.CRMclass" name="f" time="0.0">
    <failure type="org.testng.TestNGException" message="
Parameter &amp;apos;email1&amp;apos; is required by @Test on method f but has not been marked @Optional or defined
in C:\Users\Amanullah Tariq\eclipse-workspace\rEPstor\TestNG.xml">
      <![CDATA[org.testng.TestNGException: 
Parameter 'email1' is required by @Test on method f but has not been marked @Optional or defined
in C:\Users\Amanullah Tariq\eclipse-workspace\rEPstor\TestNG.xml
at java.base/java.util.ArrayList.forEach(ArrayList.java:1510)
... Removed 26 stack frames]]>
    </failure>
  </testcase> <!-- f -->
</testsuite> <!-- Training -->
